[3:45:15 AM] User Maurdekye#4719 changed from voice channel Maurdekye's Office to MadeFromPixels's Office
[3:45:16 AM] User Maurdekye#4719 changed from voice channel MadeFromPixels's Office to Maurdekye's Office
[3:45:16 AM] User Maurdekye#4719 changed from voice channel Maurdekye's Office to General
[3:45:17 AM] User Maurdekye#4719 changed from voice channel General to Cole's Office
[3:45:17 AM] User Maurdekye#4719 changed from voice channel Cole's Office to Dark Swords
[3:45:18 AM] User Maurdekye#4719 changed from voice channel Dark Swords to Ryan Baderlands 2
[3:45:18 AM] User Maurdekye#4719 changed from voice channel Ryan Baderlands 2 to Grab the Auto
[3:45:20 AM] User Maurdekye#4719 left voice channel Grab the Auto
[3:45:22 AM] User Maurdekye#4719 joined voice channel General
[3:45:25 AM] User Maurdekye#4719 changed from voice channel General to Maurdekye's Office
[3:45:26 AM] User Maurdekye#4719 changed from voice channel Maurdekye's Office to MadeFromPixels's Office
[3:45:27 AM] User Maurdekye#4719 changed from voice channel MadeFromPixels's Office to Dark Swords
[3:45:27 AM] User Maurdekye#4719 changed from voice channel Dark Swords to Ryan Baderlands 2
[3:45:27 AM] User Maurdekye#4719 changed from voice channel Ryan Baderlands 2 to Roketu Leagu
[3:45:28 AM] User Maurdekye#4719 changed from voice channel Roketu Leagu to Factory-Os
[3:45:28 AM] User Maurdekye#4719 changed from voice channel Factory-Os to Roketu Leagu
[3:45:29 AM] User Maurdekye#4719 changed from voice channel Roketu Leagu to Plant side 2
[3:45:30 AM] User Maurdekye#4719 changed from voice channel Plant side 2 to Dark Swords
[3:45:31 AM] User Maurdekye#4719 changed from voice channel Dark Swords to Cole's Office
[3:45:32 AM] User Maurdekye#4719 left voice channel Cole's Office
